Starting Supervised Fine-Tuning (SFT) for the Malicious Prompt Generator...
None
[04/19/26 17:19:54] DEBUG    2026-04-19 17:19:54,262 [DEBUG]         _api.py:501
                             Attempting to acquire lock                         
                             139726068380288 on /nlsasfs/home/isea/i            
                             sea11/.cache/huggingface/datasets/_nlsa            
                             sfs_home_isea_isea11_.cache_huggingface            
                             _datasets_json_default-bda7eac556c0308f            
                             _0.0.0_ab573428e7a11a7e23eebd41a2a71665            
                             ac3789ce311cbad7049572034a9bda05.lock              
                    DEBUG    2026-04-19 17:19:54,269 [DEBUG] Lock    _api.py:504
                             139726068380288 acquired on /nlsasfs/ho            
                             me/isea/isea11/.cache/huggingface/datas            
                             ets/_nlsasfs_home_isea_isea11_.cache_hu            
                             ggingface_datasets_json_default-bda7eac            
                             556c0308f_0.0.0_ab573428e7a11a7e23eebd4            
                             1a2a71665ac3789ce311cbad7049572034a9bda            
                             05.lock                                            
                    DEBUG    2026-04-19 17:19:54,271 [DEBUG] open   local.py:298
                             file: /nlsasfs/home/isea/isea11/.cache             
                             /huggingface/datasets/json/default-bda             
                             7eac556c0308f/0.0.0/ab573428e7a11a7e23             
                             eebd41a2a71665ac3789ce311cbad704957203             
                             4a9bda05/dataset_info.json                         
                    DEBUG    2026-04-19 17:19:54,274 [DEBUG]         _api.py:541
                             Attempting to release lock                         
                             139726068380288 on /nlsasfs/home/isea/i            
                             sea11/.cache/huggingface/datasets/_nlsa            
                             sfs_home_isea_isea11_.cache_huggingface            
                             _datasets_json_default-bda7eac556c0308f            
                             _0.0.0_ab573428e7a11a7e23eebd41a2a71665            
                             ac3789ce311cbad7049572034a9bda05.lock              
                    DEBUG    2026-04-19 17:19:54,276 [DEBUG] Lock    _api.py:545
                             139726068380288 released on /nlsasfs/ho            
                             me/isea/isea11/.cache/huggingface/datas            
                             ets/_nlsasfs_home_isea_isea11_.cache_hu            
                             ggingface_datasets_json_default-bda7eac            
                             556c0308f_0.0.0_ab573428e7a11a7e23eebd4            
                             1a2a71665ac3789ce311cbad7049572034a9bda            
                             05.lock                                            
                    DEBUG    2026-04-19 17:19:54,312 [DEBUG]         _api.py:501
                             Attempting to acquire lock                         
                             139726068382352 on /nlsasfs/home/isea/i            
                             sea11/.cache/huggingface/datasets/json/            
                             default-bda7eac556c0308f/0.0.0/ab573428            
                             e7a11a7e23eebd41a2a71665ac3789ce311cbad            
                             7049572034a9bda05_builder.lock                     
                    DEBUG    2026-04-19 17:19:54,315 [DEBUG] Lock    _api.py:504
                             139726068382352 acquired on /nlsasfs/ho            
                             me/isea/isea11/.cache/huggingface/datas            
                             ets/json/default-bda7eac556c0308f/0.0.0            
                             /ab573428e7a11a7e23eebd41a2a71665ac3789            
                             ce311cbad7049572034a9bda05_builder.lock            
                    DEBUG    2026-04-19 17:19:54,317 [DEBUG] open   local.py:298
                             file: /nlsasfs/home/isea/isea11/.cache             
                             /huggingface/datasets/json/default-bda             
                             7eac556c0308f/0.0.0/ab573428e7a11a7e23             
                             eebd41a2a71665ac3789ce311cbad704957203             
                             4a9bda05/dataset_info.json                         
                    DEBUG    2026-04-19 17:19:54,319 [DEBUG]         _api.py:541
                             Attempting to release lock                         
                             139726068382352 on /nlsasfs/home/isea/i            
                             sea11/.cache/huggingface/datasets/json/            
                             default-bda7eac556c0308f/0.0.0/ab573428            
                             e7a11a7e23eebd41a2a71665ac3789ce311cbad            
                             7049572034a9bda05_builder.lock                     
                    DEBUG    2026-04-19 17:19:54,321 [DEBUG] Lock    _api.py:545
                             139726068382352 released on /nlsasfs/ho            
                             me/isea/isea11/.cache/huggingface/datas            
                             ets/json/default-bda7eac556c0308f/0.0.0            
                             /ab573428e7a11a7e23eebd41a2a71665ac3789            
                             ce311cbad7049572034a9bda05_builder.lock            
                    DEBUG    2026-04-19 17:19:54,340 [DEBUG]         _api.py:501
                             Attempting to acquire lock                         
                             139726041745872 on /nlsasfs/home/isea/i            
                             sea11/.cache/huggingface/datasets/_nlsa            
                             sfs_home_isea_isea11_.cache_huggingface            
                             _datasets_json_default-bda7eac556c0308f            
                             _0.0.0_ab573428e7a11a7e23eebd41a2a71665            
                             ac3789ce311cbad7049572034a9bda05.lock              
                    DEBUG    2026-04-19 17:19:54,343 [DEBUG] Lock    _api.py:504
                             139726041745872 acquired on /nlsasfs/ho            
                             me/isea/isea11/.cache/huggingface/datas            
                             ets/_nlsasfs_home_isea_isea11_.cache_hu            
                             ggingface_datasets_json_default-bda7eac            
                             556c0308f_0.0.0_ab573428e7a11a7e23eebd4            
                             1a2a71665ac3789ce311cbad7049572034a9bda            
                             05.lock                                            
                    DEBUG    2026-04-19 17:19:54,345 [DEBUG] open   local.py:298
                             file: /nlsasfs/home/isea/isea11/.cache             
                             /huggingface/datasets/json/default-bda             
                             7eac556c0308f/0.0.0/ab573428e7a11a7e23             
                             eebd41a2a71665ac3789ce311cbad704957203             
                             4a9bda05/dataset_info.json                         
                    DEBUG    2026-04-19 17:19:54,346 [DEBUG]         _api.py:541
                             Attempting to release lock                         
                             139726041745872 on /nlsasfs/home/isea/i            
                             sea11/.cache/huggingface/datasets/_nlsa            
                             sfs_home_isea_isea11_.cache_huggingface            
                             _datasets_json_default-bda7eac556c0308f            
                             _0.0.0_ab573428e7a11a7e23eebd41a2a71665            
                             ac3789ce311cbad7049572034a9bda05.lock              
                    DEBUG    2026-04-19 17:19:54,349 [DEBUG] Lock    _api.py:545
                             139726041745872 released on /nlsasfs/ho            
                             me/isea/isea11/.cache/huggingface/datas            
                             ets/_nlsasfs_home_isea_isea11_.cache_hu            
                             ggingface_datasets_json_default-bda7eac            
                             556c0308f_0.0.0_ab573428e7a11a7e23eebd4            
                             1a2a71665ac3789ce311cbad7049572034a9bda            
                             05.lock                                            
                    DEBUG    2026-04-19 17:19:54,351 [DEBUG]         _api.py:501
                             Attempting to acquire lock                         
                             139726041649200 on /nlsasfs/home/isea/i            
                             sea11/.cache/huggingface/datasets/json/            
                             default-bda7eac556c0308f/0.0.0/ab573428            
                             e7a11a7e23eebd41a2a71665ac3789ce311cbad            
                             7049572034a9bda05_builder.lock                     
                    DEBUG    2026-04-19 17:19:54,354 [DEBUG] Lock    _api.py:504
                             139726041649200 acquired on /nlsasfs/ho            
                             me/isea/isea11/.cache/huggingface/datas            
                             ets/json/default-bda7eac556c0308f/0.0.0            
                             /ab573428e7a11a7e23eebd41a2a71665ac3789            
                             ce311cbad7049572034a9bda05_builder.lock            
                    DEBUG    2026-04-19 17:19:54,355 [DEBUG] open   local.py:298
                             file: /nlsasfs/home/isea/isea11/.cache             
                             /huggingface/datasets/json/default-bda             
                             7eac556c0308f/0.0.0/ab573428e7a11a7e23             
                             eebd41a2a71665ac3789ce311cbad704957203             
                             4a9bda05/dataset_info.json                         
                    DEBUG    2026-04-19 17:19:54,357 [DEBUG]         _api.py:541
                             Attempting to release lock                         
                             139726041649200 on /nlsasfs/home/isea/i            
                             sea11/.cache/huggingface/datasets/json/            
                             default-bda7eac556c0308f/0.0.0/ab573428            
                             e7a11a7e23eebd41a2a71665ac3789ce311cbad            
                             7049572034a9bda05_builder.lock                     
                    DEBUG    2026-04-19 17:19:54,359 [DEBUG] Lock    _api.py:545
                             139726041649200 released on /nlsasfs/ho            
                             me/isea/isea11/.cache/huggingface/datas            
                             ets/json/default-bda7eac556c0308f/0.0.0            
                             /ab573428e7a11a7e23eebd41a2a71665ac3789            
                             ce311cbad7049572034a9bda05_builder.lock            
                    DEBUG    2026-04-19 17:19:54,369 [DEBUG]         _api.py:501
                             Attempting to acquire lock                         
                             139726042361776 on /nlsasfs/home/isea/i            
                             sea11/.cache/huggingface/datasets/_nlsa            
                             sfs_home_isea_isea11_.cache_huggingface            
                             _datasets_json_default-bda7eac556c0308f            
                             _0.0.0_ab573428e7a11a7e23eebd41a2a71665            
                             ac3789ce311cbad7049572034a9bda05.lock              
                    DEBUG    2026-04-19 17:19:54,371 [DEBUG] Lock    _api.py:504
                             139726042361776 acquired on /nlsasfs/ho            
                             me/isea/isea11/.cache/huggingface/datas            
                             ets/_nlsasfs_home_isea_isea11_.cache_hu            
                             ggingface_datasets_json_default-bda7eac            
                             556c0308f_0.0.0_ab573428e7a11a7e23eebd4            
                             1a2a71665ac3789ce311cbad7049572034a9bda            
                             05.lock                                            
                    DEBUG    2026-04-19 17:19:54,373 [DEBUG] open   local.py:298
                             file: /nlsasfs/home/isea/isea11/.cache             
                             /huggingface/datasets/json/default-bda             
                             7eac556c0308f/0.0.0/ab573428e7a11a7e23             
                             eebd41a2a71665ac3789ce311cbad704957203             
                             4a9bda05/dataset_info.json                         
                    DEBUG    2026-04-19 17:19:54,375 [DEBUG]         _api.py:541
                             Attempting to release lock                         
                             139726042361776 on /nlsasfs/home/isea/i            
                             sea11/.cache/huggingface/datasets/_nlsa            
                             sfs_home_isea_isea11_.cache_huggingface            
                             _datasets_json_default-bda7eac556c0308f            
                             _0.0.0_ab573428e7a11a7e23eebd41a2a71665            
                             ac3789ce311cbad7049572034a9bda05.lock              
                    DEBUG    2026-04-19 17:19:54,378 [DEBUG] Lock    _api.py:545
                             139726042361776 released on /nlsasfs/ho            
                             me/isea/isea11/.cache/huggingface/datas            
                             ets/_nlsasfs_home_isea_isea11_.cache_hu            
                             ggingface_datasets_json_default-bda7eac            
                             556c0308f_0.0.0_ab573428e7a11a7e23eebd4            
                             1a2a71665ac3789ce311cbad7049572034a9bda            
                             05.lock                                            
                    DEBUG    2026-04-19 17:19:54,380 [DEBUG]         _api.py:501
                             Attempting to acquire lock                         
                             139726042361776 on /nlsasfs/home/isea/i            
                             sea11/.cache/huggingface/datasets/json/            
                             default-bda7eac556c0308f/0.0.0/ab573428            
                             e7a11a7e23eebd41a2a71665ac3789ce311cbad            
                             7049572034a9bda05_builder.lock                     
                    DEBUG    2026-04-19 17:19:54,383 [DEBUG] Lock    _api.py:504
                             139726042361776 acquired on /nlsasfs/ho            
                             me/isea/isea11/.cache/huggingface/datas            
                             ets/json/default-bda7eac556c0308f/0.0.0            
                             /ab573428e7a11a7e23eebd41a2a71665ac3789            
                             ce311cbad7049572034a9bda05_builder.lock            
                    DEBUG    2026-04-19 17:19:54,384 [DEBUG] open   local.py:298
                             file: /nlsasfs/home/isea/isea11/.cache             
                             /huggingface/datasets/json/default-bda             
                             7eac556c0308f/0.0.0/ab573428e7a11a7e23             
                             eebd41a2a71665ac3789ce311cbad704957203             
                             4a9bda05/dataset_info.json                         
                    DEBUG    2026-04-19 17:19:54,386 [DEBUG]         _api.py:541
                             Attempting to release lock                         
                             139726042361776 on /nlsasfs/home/isea/i            
                             sea11/.cache/huggingface/datasets/json/            
                             default-bda7eac556c0308f/0.0.0/ab573428            
                             e7a11a7e23eebd41a2a71665ac3789ce311cbad            
                             7049572034a9bda05_builder.lock                     
                    DEBUG    2026-04-19 17:19:54,388 [DEBUG] Lock    _api.py:545
                             139726042361776 released on /nlsasfs/ho            
                             me/isea/isea11/.cache/huggingface/datas            
                             ets/json/default-bda7eac556c0308f/0.0.0            
                             /ab573428e7a11a7e23eebd41a2a71665ac3789            
                             ce311cbad7049572034a9bda05_builder.lock            
SFT Training Completed.
