Traceback (most recent call last):
  File "/nlsasfs/home/isea/isea13/AutoRed/.venv/lib/python3.10/site-packages/trl/import_utils.py", line 142, in _get_module
    return importlib.import_module("." + module_name, self.__name__)
  File "/usr/lib/python3.10/importlib/__init__.py", line 126, in import_module
    return _bootstrap._gcd_import(name[level:], package, level)
  File "<frozen importlib._bootstrap>", line 1050, in _gcd_import
  File "<frozen importlib._bootstrap>", line 1027, in _find_and_load
  File "<frozen importlib._bootstrap>", line 1006, in _find_and_load_unlocked
  File "<frozen importlib._bootstrap>", line 688, in _load_unlocked
  File "<frozen importlib._bootstrap_external>", line 883, in exec_module
  File "<frozen importlib._bootstrap>", line 241, in _call_with_frames_removed
  File "/nlsasfs/home/isea/isea13/AutoRed/.venv/lib/python3.10/site-packages/trl/trainer/sft_trainer.py", line 58, in <module>
    from liger_kernel.transformers import AutoLigerKernelForCausalLM
  File "/nlsasfs/home/isea/isea13/AutoRed/.venv/lib/python3.10/site-packages/liger_kernel/transformers/__init__.py", line 6, in <module>
    from liger_kernel.transformers.cross_entropy import LigerCrossEntropyLoss  # noqa: F401
  File "/nlsasfs/home/isea/isea13/AutoRed/.venv/lib/python3.10/site-packages/liger_kernel/transformers/cross_entropy.py", line 5, in <module>
    from liger_kernel.ops import LigerCrossEntropyFunction
  File "/nlsasfs/home/isea/isea13/AutoRed/.venv/lib/python3.10/site-packages/liger_kernel/ops/__init__.py", line 33, in <module>
    from liger_kernel.ops.attn_res import LigerAttnResFunction  # noqa: F401
  File "/nlsasfs/home/isea/isea13/AutoRed/.venv/lib/python3.10/site-packages/liger_kernel/ops/attn_res.py", line 23, in <module>
    import triton
  File "/nlsasfs/home/isea/isea13/AutoRed/.venv/lib/python3.10/site-packages/triton/__init__.py", line 8, in <module>
    from .runtime import (
  File "/nlsasfs/home/isea/isea13/AutoRed/.venv/lib/python3.10/site-packages/triton/runtime/__init__.py", line 1, in <module>
    from .autotuner import (Autotuner, Config, Heuristics, autotune, heuristics)
  File "/nlsasfs/home/isea/isea13/AutoRed/.venv/lib/python3.10/site-packages/triton/runtime/autotuner.py", line 9, in <module>
    from .jit import KernelInterface
  File "/nlsasfs/home/isea/isea13/AutoRed/.venv/lib/python3.10/site-packages/triton/runtime/jit.py", line 12, in <module>
    from ..runtime.driver import driver
  File "/nlsasfs/home/isea/isea13/AutoRed/.venv/lib/python3.10/site-packages/triton/runtime/driver.py", line 1, in <module>
    from ..backends import backends
  File "/nlsasfs/home/isea/isea13/AutoRed/.venv/lib/python3.10/site-packages/triton/backends/__init__.py", line 50, in <module>
    backends = _discover_backends()
  File "/nlsasfs/home/isea/isea13/AutoRed/.venv/lib/python3.10/site-packages/triton/backends/__init__.py", line 44, in _discover_backends
    driver = _load_module(name, os.path.join(root, name, 'driver.py'))
  File "/nlsasfs/home/isea/isea13/AutoRed/.venv/lib/python3.10/site-packages/triton/backends/__init__.py", line 12, in _load_module
    spec.loader.exec_module(module)
  File "/nlsasfs/home/isea/isea13/AutoRed/.venv/lib/python3.10/site-packages/triton/backends/nvidia/driver.py", line 7, in <module>
    from triton.runtime.build import _build
  File "/nlsasfs/home/isea/isea13/AutoRed/.venv/lib/python3.10/site-packages/triton/runtime/build.py", line 8, in <module>
    import setuptools
ModuleNotFoundError: No module named 'setuptools'

The above exception was the direct cause of the following exception:

Traceback (most recent call last):
  File "/nlsasfs/home/isea/isea13/AutoRed/scripts/training/train_qlo.py", line 38, in <module>
    from trl import SFTTrainer
  File "<frozen importlib._bootstrap>", line 1075, in _handle_fromlist
  File "/nlsasfs/home/isea/isea13/AutoRed/.venv/lib/python3.10/site-packages/trl/import_utils.py", line 133, in __getattr__
    value = getattr(module, name)
  File "/nlsasfs/home/isea/isea13/AutoRed/.venv/lib/python3.10/site-packages/trl/import_utils.py", line 132, in __getattr__
    module = self._get_module(self._class_to_module[name])
  File "/nlsasfs/home/isea/isea13/AutoRed/.venv/lib/python3.10/site-packages/trl/import_utils.py", line 144, in _get_module
    raise RuntimeError(
RuntimeError: Failed to import trl.trainer.sft_trainer because of the following error (look up to see its traceback):
No module named 'setuptools'
